
*** Running vivado
    with args -log TopLevelProcessor.vds -m64 -product Vivado -mode batch -messageDb vivado.pb -notrace -source TopLevelProcessor.tcl



****** Vivado v2020.1 (64-bit)
  **** SW Build 2902540 on Wed May 27 19:54:49 MDT 2020
  **** IP Build 2902112 on Wed May 27 22:43:36 MDT 2020
    ** Copyright 1986-2020 Xilinx, Inc. All Rights Reserved.

source TopLevelProcessor.tcl -notrace
Command: synth_design -top TopLevelProcessor -part xc7a35tcpg236-1
Starting synth_design
Attempting to get a license for feature 'Synthesis' and/or device 'xc7a35t'
INFO: [Common 17-349] Got license for feature 'Synthesis' and/or device 'xc7a35t'
INFO: [Device 21-403] Loading part xc7a35tcpg236-1
INFO: [Synth 8-7079] Multithreading enabled for synth_design using a maximum of 2 processes.
INFO: [Synth 8-7078] Launching helper process for spawning children vivado processes
INFO: [Synth 8-7075] Helper process launched with PID 3556
---------------------------------------------------------------------------------
Starting RTL Elaboration : Time (s): cpu = 00:00:02 ; elapsed = 00:00:03 . Memory (MB): peak = 1025.062 ; gain = 0.000
---------------------------------------------------------------------------------
INFO: [Synth 8-6157] synthesizing module 'TopLevelProcessor' [C:/Users/sf10353/Downloads/lab11_secondzip/lab11/lab11.srcs/sources_1/new/TopLevelProcessor.v:24]
	Parameter DIV bound to: 5000000 - type: integer 
	Parameter DISP_IDLE bound to: 2'b00 
	Parameter DISP_A bound to: 2'b01 
	Parameter DISP_B bound to: 2'b10 
	Parameter DISP_RESULT bound to: 2'b11 
INFO: [Synth 8-6157] synthesizing module 'clock_divider' [C:/Users/sf10353/Downloads/lab11_secondzip/lab11/lab11.srcs/sources_1/new/clockdivider.v:1]
	Parameter DIV bound to: 5000000 - type: integer 
INFO: [Synth 8-6155] done synthesizing module 'clock_divider' (1#1) [C:/Users/sf10353/Downloads/lab11_secondzip/lab11/lab11.srcs/sources_1/new/clockdivider.v:1]
INFO: [Synth 8-6157] synthesizing module 'ProgramCounter' [C:/Users/sf10353/Downloads/lab11_secondzip/lab11/lab11.srcs/sources_1/new/Programcounter.v:3]
INFO: [Synth 8-6155] done synthesizing module 'ProgramCounter' (2#1) [C:/Users/sf10353/Downloads/lab11_secondzip/lab11/lab11.srcs/sources_1/new/Programcounter.v:3]
INFO: [Synth 8-6157] synthesizing module 'pcAdder' [C:/Users/sf10353/Downloads/lab11_secondzip/lab11/lab11.srcs/sources_1/new/Pcadder.v:3]
INFO: [Synth 8-6155] done synthesizing module 'pcAdder' (3#1) [C:/Users/sf10353/Downloads/lab11_secondzip/lab11/lab11.srcs/sources_1/new/Pcadder.v:3]
INFO: [Synth 8-6157] synthesizing module 'instructionMemory' [C:/Users/sf10353/Downloads/lab11_secondzip/lab11/lab11.srcs/sources_1/new/InstructionMemory.v:98]
INFO: [Synth 8-6155] done synthesizing module 'instructionMemory' (4#1) [C:/Users/sf10353/Downloads/lab11_secondzip/lab11/lab11.srcs/sources_1/new/InstructionMemory.v:98]
INFO: [Synth 8-6157] synthesizing module 'main_control' [C:/Users/sf10353/Downloads/lab11_secondzip/lab11/lab11.srcs/sources_1/new/maincontrol.v:2]
	Parameter R_TYPE bound to: 7'b0110011 
	Parameter I_ALU bound to: 7'b0010011 
	Parameter LOAD bound to: 7'b0000011 
	Parameter STORE bound to: 7'b0100011 
	Parameter BRANCH bound to: 7'b1100011 
	Parameter JAL bound to: 7'b1101111 
	Parameter JALR bound to: 7'b1100111 
	Parameter LUI bound to: 7'b0110111 
	Parameter AUIPC bound to: 7'b0010111 
INFO: [Synth 8-6155] done synthesizing module 'main_control' (5#1) [C:/Users/sf10353/Downloads/lab11_secondzip/lab11/lab11.srcs/sources_1/new/maincontrol.v:2]
INFO: [Synth 8-6157] synthesizing module 'RegisterFile' [C:/Users/sf10353/Downloads/lab11_secondzip/lab11/lab11.srcs/sources_1/new/RegisterFile.v:34]
INFO: [Synth 8-6155] done synthesizing module 'RegisterFile' (6#1) [C:/Users/sf10353/Downloads/lab11_secondzip/lab11/lab11.srcs/sources_1/new/RegisterFile.v:34]
INFO: [Synth 8-6157] synthesizing module 'immGen' [C:/Users/sf10353/Downloads/lab11_secondzip/lab11/lab11.srcs/sources_1/new/ImmGen.v:3]
INFO: [Synth 8-6155] done synthesizing module 'immGen' (7#1) [C:/Users/sf10353/Downloads/lab11_secondzip/lab11/lab11.srcs/sources_1/new/ImmGen.v:3]
INFO: [Synth 8-6157] synthesizing module 'mux2' [C:/Users/sf10353/Downloads/lab11_secondzip/lab11/lab11.srcs/sources_1/new/Mux2.v:3]
	Parameter WIDTH bound to: 32 - type: integer 
INFO: [Synth 8-6155] done synthesizing module 'mux2' (8#1) [C:/Users/sf10353/Downloads/lab11_secondzip/lab11/lab11.srcs/sources_1/new/Mux2.v:3]
INFO: [Synth 8-6157] synthesizing module 'alu_control' [C:/Users/sf10353/Downloads/lab11_secondzip/lab11/lab11.srcs/sources_1/new/alu_control.v:7]
	Parameter ALU_AND bound to: 4'b0000 
	Parameter ALU_OR bound to: 4'b0001 
	Parameter ALU_ADD bound to: 4'b0010 
	Parameter ALU_XOR bound to: 4'b0011 
	Parameter ALU_SUB bound to: 4'b0110 
	Parameter ALU_SLL bound to: 4'b0100 
	Parameter ALU_SRL bound to: 4'b0101 
	Parameter ALU_NOP bound to: 4'b1111 
INFO: [Synth 8-226] default block is never used [C:/Users/sf10353/Downloads/lab11_secondzip/lab11/lab11.srcs/sources_1/new/alu_control.v:24]
INFO: [Synth 8-6155] done synthesizing module 'alu_control' (9#1) [C:/Users/sf10353/Downloads/lab11_secondzip/lab11/lab11.srcs/sources_1/new/alu_control.v:7]
INFO: [Synth 8-6157] synthesizing module 'alu' [C:/Users/sf10353/Downloads/lab11_secondzip/lab11/lab11.srcs/sources_1/new/ALU.v:13]
INFO: [Synth 8-6155] done synthesizing module 'alu' (10#1) [C:/Users/sf10353/Downloads/lab11_secondzip/lab11/lab11.srcs/sources_1/new/ALU.v:13]
INFO: [Synth 8-6157] synthesizing module 'DataMemory' [C:/Users/sf10353/Downloads/lab11_secondzip/lab11/lab11.srcs/sources_1/new/DataMemory.v:1]
INFO: [Synth 8-6155] done synthesizing module 'DataMemory' (11#1) [C:/Users/sf10353/Downloads/lab11_secondzip/lab11/lab11.srcs/sources_1/new/DataMemory.v:1]
INFO: [Synth 8-6157] synthesizing module 'branchAdder' [C:/Users/sf10353/Downloads/lab11_secondzip/lab11/lab11.srcs/sources_1/new/Branchadder.v:4]
INFO: [Synth 8-6155] done synthesizing module 'branchAdder' (12#1) [C:/Users/sf10353/Downloads/lab11_secondzip/lab11/lab11.srcs/sources_1/new/Branchadder.v:4]
INFO: [Synth 8-226] default block is never used [C:/Users/sf10353/Downloads/lab11_secondzip/lab11/lab11.srcs/sources_1/new/TopLevelProcessor.v:367]
INFO: [Synth 8-6157] synthesizing module 'SevenSegController' [C:/Users/sf10353/Downloads/lab11_secondzip/lab11/lab11.srcs/sources_1/new/sevenseg.v:3]
INFO: [Synth 8-6155] done synthesizing module 'SevenSegController' (13#1) [C:/Users/sf10353/Downloads/lab11_secondzip/lab11/lab11.srcs/sources_1/new/sevenseg.v:3]
INFO: [Synth 8-6155] done synthesizing module 'TopLevelProcessor' (14#1) [C:/Users/sf10353/Downloads/lab11_secondzip/lab11/lab11.srcs/sources_1/new/TopLevelProcessor.v:24]
---------------------------------------------------------------------------------
Finished RTL Elaboration : Time (s): cpu = 00:00:06 ; elapsed = 00:00:08 . Memory (MB): peak = 1508.688 ; gain = 483.625
---------------------------------------------------------------------------------
---------------------------------------------------------------------------------
Start Handling Custom Attributes
---------------------------------------------------------------------------------
---------------------------------------------------------------------------------
Finished Handling Custom Attributes : Time (s): cpu = 00:00:07 ; elapsed = 00:00:09 . Memory (MB): peak = 1508.688 ; gain = 483.625
---------------------------------------------------------------------------------
---------------------------------------------------------------------------------
Finished RTL Optimization Phase 1 : Time (s): cpu = 00:00:07 ; elapsed = 00:00:09 . Memory (MB): peak = 1508.688 ; gain = 483.625
---------------------------------------------------------------------------------
Netlist sorting complete. Time (s): cpu = 00:00:00 ; elapsed = 00:00:00.244 . Memory (MB): peak = 1508.688 ; gain = 0.000
INFO: [Project 1-570] Preparing netlist for logic optimization

Processing XDC Constraints
Initializing timing engine
Parsing XDC File [C:/Users/sf10353/Downloads/lab11_secondzip/lab11/lab11.srcs/constrs_1/new/constraint.xdc]
Finished Parsing XDC File [C:/Users/sf10353/Downloads/lab11_secondzip/lab11/lab11.srcs/constrs_1/new/constraint.xdc]
INFO: [Project 1-236] Implementation specific constraints were found while reading constraint file [C:/Users/sf10353/Downloads/lab11_secondzip/lab11/lab11.srcs/constrs_1/new/constraint.xdc]. These constraints will be ignored for synthesis but will be used in implementation. Impacted constraints are listed in the file [.Xil/TopLevelProcessor_propImpl.xdc].
Resolution: To avoid this warning, move constraints listed in [.Xil/TopLevelProcessor_propImpl.xdc] to another XDC file and exclude this new file from synthesis with the used_in_synthesis property (File Properties dialog in GUI) and re-run elaboration/synthesis.
Completed Processing XDC Constraints

Netlist sorting complete. Time (s): cpu = 00:00:00 ; elapsed = 00:00:00.001 . Memory (MB): peak = 1508.688 ; gain = 0.000
INFO: [Project 1-111] Unisim Transformation Summary:
No Unisim elements were transformed.

Constraint Validation Runtime : Time (s): cpu = 00:00:00 ; elapsed = 00:00:00.036 . Memory (MB): peak = 1508.688 ; gain = 0.000
---------------------------------------------------------------------------------
Finished Constraint Validation : Time (s): cpu = 00:00:13 ; elapsed = 00:00:15 . Memory (MB): peak = 1508.688 ; gain = 483.625
---------------------------------------------------------------------------------
---------------------------------------------------------------------------------
Start Loading Part and Timing Information
---------------------------------------------------------------------------------
Loading part: xc7a35tcpg236-1
INFO: [Synth 8-802] inferred FSM for state register 'disp_state_reg' in module 'TopLevelProcessor'
---------------------------------------------------------------------------------------------------
                   State |                     New Encoding |                Previous Encoding 
---------------------------------------------------------------------------------------------------
               DISP_IDLE |                               00 |                               00
                  DISP_A |                               01 |                               01
                  DISP_B |                               10 |                               10
             DISP_RESULT |                               11 |                               11
---------------------------------------------------------------------------------------------------
INFO: [Synth 8-3354] encoded FSM with state register 'disp_state_reg' using encoding 'sequential' in module 'TopLevelProcessor'
---------------------------------------------------------------------------------
Finished RTL Optimization Phase 2 : Time (s): cpu = 00:00:22 ; elapsed = 00:00:24 . Memory (MB): peak = 1508.688 ; gain = 483.625
---------------------------------------------------------------------------------
---------------------------------------------------------------------------------
Start RTL Component Statistics 
---------------------------------------------------------------------------------
Detailed RTL Component Info : 
+---Adders : 
	   2 Input   32 Bit       Adders := 3     
	   3 Input   32 Bit       Adders := 1     
	   2 Input   23 Bit       Adders := 1     
	   2 Input   17 Bit       Adders := 1     
+---XORs : 
	   2 Input     32 Bit         XORs := 1     
+---Registers : 
	               32 Bit    Registers := 289   
	               23 Bit    Registers := 1     
	               17 Bit    Registers := 1     
	                8 Bit    Registers := 2     
	                1 Bit    Registers := 8     
+---Muxes : 
	   4 Input   32 Bit        Muxes := 512   
	   2 Input   32 Bit        Muxes := 1291  
	  33 Input   32 Bit        Muxes := 2     
	   6 Input   32 Bit        Muxes := 1     
	   3 Input   32 Bit        Muxes := 1     
	   2 Input   23 Bit        Muxes := 1     
	   2 Input   17 Bit        Muxes := 1     
	   2 Input   16 Bit        Muxes := 256   
	   2 Input    8 Bit        Muxes := 256   
	   4 Input    8 Bit        Muxes := 1     
	   7 Input    4 Bit        Muxes := 1     
	  10 Input    4 Bit        Muxes := 1     
	   2 Input    4 Bit        Muxes := 3     
	   6 Input    3 Bit        Muxes := 1     
	  10 Input    2 Bit        Muxes := 1     
	   4 Input    2 Bit        Muxes := 1     
	   2 Input    2 Bit        Muxes := 1     
	  10 Input    1 Bit        Muxes := 5     
	   2 Input    1 Bit        Muxes := 33    
	   4 Input    1 Bit        Muxes := 3     
---------------------------------------------------------------------------------
Finished RTL Component Statistics 
---------------------------------------------------------------------------------
---------------------------------------------------------------------------------
Start Part Resource Summary
---------------------------------------------------------------------------------
Part Resources:
DSPs: 90 (col length:60)
BRAMs: 100 (col length: RAMB18 60 RAMB36 30)
---------------------------------------------------------------------------------
Finished Part Resource Summary
---------------------------------------------------------------------------------
---------------------------------------------------------------------------------
Start Cross Boundary and Area Optimization
---------------------------------------------------------------------------------
---------------------------------------------------------------------------------
Finished Cross Boundary and Area Optimization : Time (s): cpu = 00:01:13 ; elapsed = 00:01:19 . Memory (MB): peak = 1508.688 ; gain = 483.625
---------------------------------------------------------------------------------
---------------------------------------------------------------------------------
Start ROM, RAM, DSP and Shift Register Reporting
---------------------------------------------------------------------------------

ROM: Preliminary Mapping	Report
+------------------+------------+---------------+----------------+
|Module Name       | RTL Object | Depth x Width | Implemented As | 
+------------------+------------+---------------+----------------+
|instructionMemory | p_0_out    | 32x28         | LUT            | 
|TopLevelProcessor | p_0_out    | 32x28         | Block RAM      | 
+------------------+------------+---------------+----------------+

---------------------------------------------------------------------------------
Finished ROM, RAM, DSP and Shift Register Reporting
---------------------------------------------------------------------------------
---------------------------------------------------------------------------------
Start Applying XDC Timing Constraints
---------------------------------------------------------------------------------
---------------------------------------------------------------------------------
Finished Applying XDC Timing Constraints : Time (s): cpu = 00:01:17 ; elapsed = 00:01:23 . Memory (MB): peak = 1508.688 ; gain = 483.625
---------------------------------------------------------------------------------
---------------------------------------------------------------------------------
Start Timing Optimization
---------------------------------------------------------------------------------
---------------------------------------------------------------------------------
Finished Timing Optimization : Time (s): cpu = 00:01:19 ; elapsed = 00:01:25 . Memory (MB): peak = 1508.688 ; gain = 483.625
---------------------------------------------------------------------------------
---------------------------------------------------------------------------------
Start Technology Mapping
---------------------------------------------------------------------------------
INFO: [Synth 8-7052] The timing for the instance i_0/i_31 (implemented as a Block RAM) might be sub-optimal as no optional output register could be merged into the ram block. Providing additional output register may help in improving timing.
INFO: [Synth 8-7052] The timing for the instance i_0/i_31 (implemented as a Block RAM) might be sub-optimal as no optional output register could be merged into the ram block. Providing additional output register may help in improving timing.
---------------------------------------------------------------------------------
Finished Technology Mapping : Time (s): cpu = 00:01:20 ; elapsed = 00:01:31 . Memory (MB): peak = 1508.688 ; gain = 483.625
---------------------------------------------------------------------------------
---------------------------------------------------------------------------------
Start IO Insertion
---------------------------------------------------------------------------------
---------------------------------------------------------------------------------
Start Flattening Before IO Insertion
---------------------------------------------------------------------------------
---------------------------------------------------------------------------------
Finished Flattening Before IO Insertion
---------------------------------------------------------------------------------
---------------------------------------------------------------------------------
Start Final Netlist Cleanup
---------------------------------------------------------------------------------
INFO: [Synth 8-7052] The timing for the instance i_5358 (implemented as a Block RAM) might be sub-optimal as no optional output register could be merged into the ram block. Providing additional output register may help in improving timing.
INFO: [Synth 8-7052] The timing for the instance i_5358 (implemented as a Block RAM) might be sub-optimal as no optional output register could be merged into the ram block. Providing additional output register may help in improving timing.
---------------------------------------------------------------------------------
Finished Final Netlist Cleanup
---------------------------------------------------------------------------------
---------------------------------------------------------------------------------
Finished IO Insertion : Time (s): cpu = 00:01:23 ; elapsed = 00:01:34 . Memory (MB): peak = 1508.688 ; gain = 483.625
---------------------------------------------------------------------------------
---------------------------------------------------------------------------------
Start Renaming Generated Instances
---------------------------------------------------------------------------------
---------------------------------------------------------------------------------
Finished Renaming Generated Instances : Time (s): cpu = 00:01:23 ; elapsed = 00:01:34 . Memory (MB): peak = 1508.688 ; gain = 483.625
---------------------------------------------------------------------------------
---------------------------------------------------------------------------------
Start Rebuilding User Hierarchy
---------------------------------------------------------------------------------
---------------------------------------------------------------------------------
Finished Rebuilding User Hierarchy : Time (s): cpu = 00:01:23 ; elapsed = 00:01:35 . Memory (MB): peak = 1508.688 ; gain = 483.625
---------------------------------------------------------------------------------
---------------------------------------------------------------------------------
Start Renaming Generated Ports
---------------------------------------------------------------------------------
---------------------------------------------------------------------------------
Finished Renaming Generated Ports : Time (s): cpu = 00:01:23 ; elapsed = 00:01:35 . Memory (MB): peak = 1508.688 ; gain = 483.625
---------------------------------------------------------------------------------
---------------------------------------------------------------------------------
Start Handling Custom Attributes
---------------------------------------------------------------------------------
---------------------------------------------------------------------------------
Finished Handling Custom Attributes : Time (s): cpu = 00:01:24 ; elapsed = 00:01:35 . Memory (MB): peak = 1508.688 ; gain = 483.625
---------------------------------------------------------------------------------
---------------------------------------------------------------------------------
Start Renaming Generated Nets
---------------------------------------------------------------------------------
---------------------------------------------------------------------------------
Finished Renaming Generated Nets : Time (s): cpu = 00:01:24 ; elapsed = 00:01:35 . Memory (MB): peak = 1508.688 ; gain = 483.625
---------------------------------------------------------------------------------
---------------------------------------------------------------------------------
Start Writing Synthesis Report
---------------------------------------------------------------------------------

Report BlackBoxes: 
+-+--------------+----------+
| |BlackBox name |Instances |
+-+--------------+----------+
+-+--------------+----------+

Report Cell Usage: 
+------+---------+------+
|      |Cell     |Count |
+------+---------+------+
|1     |BUFG     |     2|
|2     |CARRY4   |    46|
|3     |LUT1     |     4|
|4     |LUT2     |   247|
|5     |LUT3     |    85|
|6     |LUT4     |   141|
|7     |LUT5     |   491|
|8     |LUT6     |  4011|
|9     |MUXF7    |  1338|
|10    |MUXF8    |   545|
|11    |RAMB18E1 |     1|
|12    |FDCE     |    60|
|13    |FDRE     |  9221|
|14    |FDSE     |     1|
|15    |IBUF     |    13|
|16    |OBUF     |    11|
+------+---------+------+
---------------------------------------------------------------------------------
Finished Writing Synthesis Report : Time (s): cpu = 00:01:24 ; elapsed = 00:01:35 . Memory (MB): peak = 1508.688 ; gain = 483.625
---------------------------------------------------------------------------------
Synthesis finished with 0 errors, 0 critical warnings and 0 warnings.
Synthesis Optimization Runtime : Time (s): cpu = 00:01:13 ; elapsed = 00:01:32 . Memory (MB): peak = 1508.688 ; gain = 483.625
Synthesis Optimization Complete : Time (s): cpu = 00:01:24 ; elapsed = 00:01:36 . Memory (MB): peak = 1508.688 ; gain = 483.625
INFO: [Project 1-571] Translating synthesized netlist
Netlist sorting complete. Time (s): cpu = 00:00:00 ; elapsed = 00:00:00.082 . Memory (MB): peak = 1508.688 ; gain = 0.000
INFO: [Netlist 29-17] Analyzing 1930 Unisim elements for replacement
INFO: [Netlist 29-28] Unisim Transformation completed in 0 CPU seconds
INFO: [Project 1-570] Preparing netlist for logic optimization
INFO: [Opt 31-138] Pushed 0 inverter(s) to 0 load pin(s).
Netlist sorting complete. Time (s): cpu = 00:00:00 ; elapsed = 00:00:00.003 . Memory (MB): peak = 1508.688 ; gain = 0.000
INFO: [Project 1-111] Unisim Transformation Summary:
No Unisim elements were transformed.

INFO: [Common 17-83] Releasing license: Synthesis
51 Infos, 0 Warnings, 0 Critical Warnings and 0 Errors encountered.
synth_design completed successfully
synth_design: Time (s): cpu = 00:01:29 ; elapsed = 00:01:43 . Memory (MB): peak = 1508.688 ; gain = 483.625
INFO: [Common 17-1381] The checkpoint 'C:/Users/sf10353/Downloads/lab11_secondzip/lab11/lab11.runs/synth_1/TopLevelProcessor.dcp' has been generated.
INFO: [runtcl-4] Executing : report_utilization -file TopLevelProcessor_utilization_synth.rpt -pb TopLevelProcessor_utilization_synth.pb
INFO: [Common 17-206] Exiting Vivado at Mon Apr 13 16:21:40 2026...
