Copyright 1986-2020 Xilinx, Inc. All Rights Reserved.
--------------------------------------------------------------------------------------------------------------------------------------------------------------------------------------------------------------------------
| Tool Version : Vivado v.2020.1 (win64) Build 2902540 Wed May 27 19:54:49 MDT 2020
| Date         : Tue Mar 17 10:25:05 2026
| Host         : DESKTOP-24DKB2B running 64-bit major release  (build 9200)
| Command      : report_timing_summary -max_paths 10 -file addressDecoderTop_timing_summary_routed.rpt -pb addressDecoderTop_timing_summary_routed.pb -rpx addressDecoderTop_timing_summary_routed.rpx -warn_on_violation
| Design       : addressDecoderTop
| Device       : 7a35t-cpg236
| Speed File   : -1  PRODUCTION 1.23 2018-06-13
--------------------------------------------------------------------------------------------------------------------------------------------------------------------------------------------------------------------------

Timing Summary Report

------------------------------------------------------------------------------------------------
| Timer Settings
| --------------
------------------------------------------------------------------------------------------------

  Enable Multi Corner Analysis               :  Yes
  Enable Pessimism Removal                   :  Yes
  Pessimism Removal Resolution               :  Nearest Common Node
  Enable Input Delay Default Clock           :  No
  Enable Preset / Clear Arcs                 :  No
  Disable Flight Delays                      :  No
  Ignore I/O Paths                           :  No
  Timing Early Launch at Borrowing Latches   :  No
  Borrow Time for Max Delay Exceptions       :  Yes
  Merge Timing Exceptions                    :  Yes

  Corner  Analyze    Analyze    
  Name    Max Paths  Min Paths  
  ------  ---------  ---------  
  Slow    Yes        Yes        
  Fast    Yes        Yes        



check_timing report

Table of Contents
-----------------
1. checking no_clock (0)
2. checking constant_clock (0)
3. checking pulse_width_clock (0)
4. checking unconstrained_internal_endpoints (0)
5. checking no_input_delay (10)
6. checking no_output_delay (6)
7. checking multiple_clock (0)
8. checking generated_clocks (0)
9. checking loops (0)
10. checking partial_input_delay (0)
11. checking partial_output_delay (0)
12. checking latch_loops (0)

1. checking no_clock (0)
------------------------
 There are 0 register/latch pins with no clock.


2. checking constant_clock (0)
------------------------------
 There are 0 register/latch pins with constant_clock.


3. checking pulse_width_clock (0)
---------------------------------
 There are 0 register/latch pins which need pulse_width check


4. checking unconstrained_internal_endpoints (0)
------------------------------------------------
 There are 0 pins that are not constrained for maximum delay.

 There are 0 pins that are not constrained for maximum delay due to constant clock.


5. checking no_input_delay (10)
-------------------------------
 There are 10 input ports with no input delay specified. (HIGH)

 There are 0 input ports with no input delay but user has a false path constraint.


6. checking no_output_delay (6)
-------------------------------
 There are 6 ports with no output delay specified. (HIGH)

 There are 0 ports with no output delay but user has a false path constraint

 There are 0 ports with no output delay but with a timing clock defined on it or propagating through it


7. checking multiple_clock (0)
------------------------------
 There are 0 register/latch pins with multiple clocks.


8. checking generated_clocks (0)
--------------------------------
 There are 0 generated clocks that are not connected to a clock source.


9. checking loops (0)
---------------------
 There are 0 combinational loops in the design.


10. checking partial_input_delay (0)
------------------------------------
 There are 0 input ports with partial input delay specified.


11. checking partial_output_delay (0)
-------------------------------------
 There are 0 ports with partial output delay specified.


12. checking latch_loops (0)
----------------------------
 There are 0 combinational latch loops in the design through latch input



------------------------------------------------------------------------------------------------
| Design Timing Summary
| ---------------------
------------------------------------------------------------------------------------------------

    WNS(ns)      TNS(ns)  TNS Failing Endpoints  TNS Total Endpoints      WHS(ns)      THS(ns)  THS Failing Endpoints  THS Total Endpoints     WPWS(ns)     TPWS(ns)  TPWS Failing Endpoints  TPWS Total Endpoints  
    -------      -------  ---------------------  -------------------      -------      -------  ---------------------  -------------------     --------     --------  ----------------------  --------------------  
         NA           NA                     NA                   NA           NA           NA                     NA                   NA        3.750        0.000                       0                    25  


All user specified timing constraints are met.


------------------------------------------------------------------------------------------------
| Clock Summary
| -------------
------------------------------------------------------------------------------------------------

Clock  Waveform(ns)       Period(ns)      Frequency(MHz)
-----  ------------       ----------      --------------
clk    {0.000 5.000}      10.000          100.000         


------------------------------------------------------------------------------------------------
| Intra Clock Table
| -----------------
------------------------------------------------------------------------------------------------

Clock             WNS(ns)      TNS(ns)  TNS Failing Endpoints  TNS Total Endpoints      WHS(ns)      THS(ns)  THS Failing Endpoints  THS Total Endpoints     WPWS(ns)     TPWS(ns)  TPWS Failing Endpoints  TPWS Total Endpoints  
-----             -------      -------  ---------------------  -------------------      -------      -------  ---------------------  -------------------     --------     --------  ----------------------  --------------------  
clk                                                                                                                                                             3.750        0.000                       0                    25  


------------------------------------------------------------------------------------------------
| Inter Clock Table
| -----------------
------------------------------------------------------------------------------------------------

From Clock    To Clock          WNS(ns)      TNS(ns)  TNS Failing Endpoints  TNS Total Endpoints      WHS(ns)      THS(ns)  THS Failing Endpoints  THS Total Endpoints  
----------    --------          -------      -------  ---------------------  -------------------      -------      -------  ---------------------  -------------------  


------------------------------------------------------------------------------------------------
| Other Path Groups Table
| -----------------------
------------------------------------------------------------------------------------------------

Path Group    From Clock    To Clock          WNS(ns)      TNS(ns)  TNS Failing Endpoints  TNS Total Endpoints      WHS(ns)      THS(ns)  THS Failing Endpoints  THS Total Endpoints  
----------    ----------    --------          -------      -------  ---------------------  -------------------      -------      -------  ---------------------  -------------------  


------------------------------------------------------------------------------------------------
| Timing Details
| --------------
------------------------------------------------------------------------------------------------


---------------------------------------------------------------------------------------------------
From Clock:  clk
  To Clock:  clk

Setup :           NA  Failing Endpoints,  Worst Slack           NA  ,  Total Violation           NA
Hold  :           NA  Failing Endpoints,  Worst Slack           NA  ,  Total Violation           NA
PW    :            0  Failing Endpoints,  Worst Slack        3.750ns,  Total Violation        0.000ns
---------------------------------------------------------------------------------------------------


Pulse Width Checks
--------------------------------------------------------------------------------------
Clock Name:         clk
Waveform(ns):       { 0.000 5.000 }
Period(ns):         10.000
Sources:            { clk }

Check Type        Corner  Lib Pin     Reference Pin  Required(ns)  Actual(ns)  Slack(ns)  Location       Pin
Min Period        n/a     BUFG/I      n/a            2.155         10.000      7.845      BUFGCTRL_X0Y0  clk_IBUF_BUFG_inst/I
Min Period        n/a     FDRE/C      n/a            1.000         10.000      9.000      SLICE_X0Y12    u_led/led_out_reg[0]/C
Min Period        n/a     FDRE/C      n/a            1.000         10.000      9.000      SLICE_X0Y12    u_led/led_out_reg[1]/C
Min Period        n/a     FDRE/C      n/a            1.000         10.000      9.000      SLICE_X1Y12    u_led/led_out_reg[2]/C
Min Period        n/a     FDRE/C      n/a            1.000         10.000      9.000      SLICE_X1Y12    u_led/led_out_reg[3]/C
Min Period        n/a     FDRE/C      n/a            1.000         10.000      9.000      SLICE_X1Y12    u_led/led_out_reg[4]/C
Min Period        n/a     FDRE/C      n/a            1.000         10.000      9.000      SLICE_X1Y12    u_led/led_out_reg[5]/C
Low Pulse Width   Fast    RAMS32/CLK  n/a            1.250         5.000       3.750      SLICE_X2Y10    u_mem/ram_reg_0_15_0_0/SP/CLK
Low Pulse Width   Fast    RAMS32/CLK  n/a            1.250         5.000       3.750      SLICE_X2Y12    u_mem/ram_reg_0_15_0_0__0/SP/CLK
Low Pulse Width   Fast    RAMS32/CLK  n/a            1.250         5.000       3.750      SLICE_X2Y10    u_mem/ram_reg_0_15_0_0__1/SP/CLK
Low Pulse Width   Fast    RAMS32/CLK  n/a            1.250         5.000       3.750      SLICE_X2Y12    u_mem/ram_reg_0_15_0_0__10/SP/CLK
Low Pulse Width   Fast    RAMS32/CLK  n/a            1.250         5.000       3.750      SLICE_X2Y12    u_mem/ram_reg_0_15_0_0__2/SP/CLK
Low Pulse Width   Fast    RAMS32/CLK  n/a            1.250         5.000       3.750      SLICE_X2Y10    u_mem/ram_reg_0_15_0_0__3/SP/CLK
Low Pulse Width   Fast    RAMS32/CLK  n/a            1.250         5.000       3.750      SLICE_X2Y12    u_mem/ram_reg_0_15_0_0__4/SP/CLK
Low Pulse Width   Fast    RAMS32/CLK  n/a            1.250         5.000       3.750      SLICE_X2Y10    u_mem/ram_reg_0_15_0_0__5/SP/CLK
Low Pulse Width   Fast    RAMS32/CLK  n/a            1.250         5.000       3.750      SLICE_X2Y13    u_mem/ram_reg_0_15_0_0__6/SP/CLK
Low Pulse Width   Slow    RAMS32/CLK  n/a            1.250         5.000       3.750      SLICE_X2Y8     u_mem/ram_reg_0_15_0_0__7/SP/CLK
High Pulse Width  Slow    RAMS32/CLK  n/a            1.250         5.000       3.750      SLICE_X2Y12    u_mem/ram_reg_0_15_0_0__0/SP/CLK
High Pulse Width  Fast    RAMS32/CLK  n/a            1.250         5.000       3.750      SLICE_X2Y12    u_mem/ram_reg_0_15_0_0__0/SP/CLK
High Pulse Width  Slow    RAMS32/CLK  n/a            1.250         5.000       3.750      SLICE_X2Y12    u_mem/ram_reg_0_15_0_0__10/SP/CLK
High Pulse Width  Fast    RAMS32/CLK  n/a            1.250         5.000       3.750      SLICE_X2Y12    u_mem/ram_reg_0_15_0_0__10/SP/CLK
High Pulse Width  Slow    RAMS32/CLK  n/a            1.250         5.000       3.750      SLICE_X2Y12    u_mem/ram_reg_0_15_0_0__2/SP/CLK
High Pulse Width  Fast    RAMS32/CLK  n/a            1.250         5.000       3.750      SLICE_X2Y12    u_mem/ram_reg_0_15_0_0__2/SP/CLK
High Pulse Width  Slow    RAMS32/CLK  n/a            1.250         5.000       3.750      SLICE_X2Y12    u_mem/ram_reg_0_15_0_0__4/SP/CLK
High Pulse Width  Fast    RAMS32/CLK  n/a            1.250         5.000       3.750      SLICE_X2Y12    u_mem/ram_reg_0_15_0_0__4/SP/CLK
High Pulse Width  Slow    RAMS32/CLK  n/a            1.250         5.000       3.750      SLICE_X2Y13    u_mem/ram_reg_0_15_0_0__6/SP/CLK
High Pulse Width  Fast    RAMS32/CLK  n/a            1.250         5.000       3.750      SLICE_X2Y13    u_mem/ram_reg_0_15_0_0__6/SP/CLK



