#-----------------------------------------------------------
# Vivado v2020.1 (64-bit)
# SW Build 2902540 on Wed May 27 19:54:49 MDT 2020
# IP Build 2902112 on Wed May 27 22:43:36 MDT 2020
# Start of session at: Sat Apr 11 14:58:26 2026
# Process ID: 17664
# Current directory: C:/Users/sf10353/Downloads/lab11_secondzip/lab11
# Command line: vivado.exe -gui_launcher_event rodinguilauncherevent4252 C:\Users\sf10353\Downloads\lab11_secondzip\lab11\lab11.xpr
# Log file: C:/Users/sf10353/Downloads/lab11_secondzip/lab11/vivado.log
# Journal file: C:/Users/sf10353/Downloads/lab11_secondzip/lab11\vivado.jou
#-----------------------------------------------------------
start_gui
open_project C:/Users/sf10353/Downloads/lab11_secondzip/lab11/lab11.xpr
Scanning sources...
Finished scanning sources
INFO: [IP_Flow 19-234] Refreshing IP repositories
INFO: [IP_Flow 19-1704] No user IP repositories specified
INFO: [IP_Flow 19-2313] Loaded Vivado IP repository 'C:/Xilinx/Vivado/2020.1/data/ip'.
update_compile_order -fileset sources_1
launch_simulation
Command: launch_simulation 
INFO: [Vivado 12-5682] Launching behavioral simulation in 'C:/Users/sf10353/Downloads/lab11_secondzip/lab11/lab11.sim/sim_1/behav/xsim'
INFO: [SIM-utils-51] Simulation object is 'sim_1'
INFO: [SIM-utils-54] Inspecting design source files for 'tb_TopLevel' in fileset 'sim_1'...
INFO: [USF-XSim-97] Finding global include files...
INFO: [USF-XSim-98] Fetching design files from 'sim_1'...
INFO: [USF-XSim-2] XSim::Compile design
INFO: [USF-XSim-61] Executing 'COMPILE and ANALYZE' step in 'C:/Users/sf10353/Downloads/lab11_secondzip/lab11/lab11.sim/sim_1/behav/xsim'
"xvlog --incr --relax -prj tb_TopLevel_vlog.prj"
INFO: [VRFC 10-2263] Analyzing Verilog file "C:/Users/sf10353/Downloads/lab11_secondzip/lab11/lab11.srcs/sources_1/new/ALU.v" into library xil_defaultlib
ERROR: [VRFC 10-3331] file 'C:/Xilinx/Vivado/2020.1/data/xsim/vhdl/std_2008/std.sdb' is probably not a Verific binary database file
INFO: [VRFC 10-311] analyzing module alu
ERROR: [VRFC 10-2865] module 'alu' ignored due to previous errors [C:/Users/sf10353/Downloads/lab11_secondzip/lab11/lab11.srcs/sources_1/new/ALU.v:13]
INFO: [USF-XSim-69] 'compile' step finished in '1' seconds
INFO: [USF-XSim-99] Step results log file:'C:/Users/sf10353/Downloads/lab11_secondzip/lab11/lab11.sim/sim_1/behav/xsim/xvlog.log'
ERROR: [USF-XSim-62] 'compile' step failed with error(s). Please check the Tcl console output or 'C:/Users/sf10353/Downloads/lab11_secondzip/lab11/lab11.sim/sim_1/behav/xsim/xvlog.log' file for more information.
ERROR: [Vivado 12-4473] Detected error while running simulation. Please correct the issue and retry this operation.
ERROR: [Common 17-39] 'launch_simulation' failed due to earlier errors.
reset_run synth_1
launch_runs impl_1 -to_step write_bitstream -jobs 20
[Sat Apr 11 15:00:59 2026] Launched synth_1...
Run output will be captured here: C:/Users/sf10353/Downloads/lab11_secondzip/lab11/lab11.runs/synth_1/runme.log
[Sat Apr 11 15:00:59 2026] Launched impl_1...
Run output will be captured here: C:/Users/sf10353/Downloads/lab11_secondzip/lab11/lab11.runs/impl_1/runme.log
reset_run impl_1
close [ open C:/Users/sf10353/Downloads/lab11_secondzip/lab11/lab11.srcs/sources_1/new/gcd.v w ]
add_files C:/Users/sf10353/Downloads/lab11_secondzip/lab11/lab11.srcs/sources_1/new/gcd.v
update_compile_order -fileset sources_1
reset_run synth_1
launch_runs synth_1 -jobs 20
[Sat Apr 11 15:04:27 2026] Launched synth_1...
Run output will be captured here: C:/Users/sf10353/Downloads/lab11_secondzip/lab11/lab11.runs/synth_1/runme.log
launch_runs impl_1 -to_step write_bitstream -jobs 20
[Sat Apr 11 15:05:38 2026] Launched impl_1...
Run output will be captured here: C:/Users/sf10353/Downloads/lab11_secondzip/lab11/lab11.runs/impl_1/runme.log
open_run impl_1
INFO: [Device 21-403] Loading part xc7a35tcpg236-1
Netlist sorting complete. Time (s): cpu = 00:00:00 ; elapsed = 00:00:00.009 . Memory (MB): peak = 2062.023 ; gain = 0.000
INFO: [Netlist 29-17] Analyzing 426 Unisim elements for replacement
INFO: [Netlist 29-28] Unisim Transformation completed in 0 CPU seconds
INFO: [Project 1-479] Netlist was created with Vivado 2020.1
INFO: [Project 1-570] Preparing netlist for logic optimization
INFO: [Timing 38-478] Restoring timing data from binary archive.
INFO: [Timing 38-479] Binary timing data restore complete.
INFO: [Project 1-856] Restoring constraints from binary archive.
INFO: [Project 1-853] Binary constraint restore complete.
Reading XDEF placement.
Reading placer database...
Reading XDEF routing.
Read XDEF File: Time (s): cpu = 00:00:00 ; elapsed = 00:00:00.162 . Memory (MB): peak = 2062.023 ; gain = 0.000
Restored from archive | CPU: 0.000000 secs | Memory: 0.000000 MB |
Finished XDEF File Restore: Time (s): cpu = 00:00:00 ; elapsed = 00:00:00.163 . Memory (MB): peak = 2062.023 ; gain = 0.000
Netlist sorting complete. Time (s): cpu = 00:00:00 ; elapsed = 00:00:00 . Memory (MB): peak = 2062.023 ; gain = 0.000
INFO: [Project 1-111] Unisim Transformation Summary:
  A total of 32 instances were transformed.
  RAM256X1S => RAM256X1S (MUXF7(x2), MUXF8, RAMS64E(x4)): 32 instances

open_run: Time (s): cpu = 00:00:17 ; elapsed = 00:00:13 . Memory (MB): peak = 2218.121 ; gain = 156.098
reset_run synth_1
launch_runs synth_1 -jobs 20
[Sat Apr 11 15:23:00 2026] Launched synth_1...
Run output will be captured here: C:/Users/sf10353/Downloads/lab11_secondzip/lab11/lab11.runs/synth_1/runme.log
launch_runs impl_1 -jobs 20
[Sat Apr 11 15:23:56 2026] Launched impl_1...
Run output will be captured here: C:/Users/sf10353/Downloads/lab11_secondzip/lab11/lab11.runs/impl_1/runme.log
launch_runs impl_1 -to_step write_bitstream -jobs 20
[Sat Apr 11 15:24:49 2026] Launched impl_1...
Run output will be captured here: C:/Users/sf10353/Downloads/lab11_secondzip/lab11/lab11.runs/impl_1/runme.log
reset_run synth_1
launch_runs synth_1 -jobs 20
[Sat Apr 11 15:27:11 2026] Launched synth_1...
Run output will be captured here: C:/Users/sf10353/Downloads/lab11_secondzip/lab11/lab11.runs/synth_1/runme.log
launch_runs impl_1 -jobs 20
[Sat Apr 11 15:27:59 2026] Launched impl_1...
Run output will be captured here: C:/Users/sf10353/Downloads/lab11_secondzip/lab11/lab11.runs/impl_1/runme.log
launch_runs impl_1 -to_step write_bitstream -jobs 20
[Sat Apr 11 15:28:48 2026] Launched impl_1...
Run output will be captured here: C:/Users/sf10353/Downloads/lab11_secondzip/lab11/lab11.runs/impl_1/runme.log
reset_run synth_1
launch_runs impl_1 -to_step write_bitstream -jobs 20
[Sat Apr 11 15:34:46 2026] Launched synth_1...
Run output will be captured here: C:/Users/sf10353/Downloads/lab11_secondzip/lab11/lab11.runs/synth_1/runme.log
[Sat Apr 11 15:34:46 2026] Launched impl_1...
Run output will be captured here: C:/Users/sf10353/Downloads/lab11_secondzip/lab11/lab11.runs/impl_1/runme.log
reset_run synth_1
reset_run impl_1
launch_runs impl_1 -jobs 20
[Sat Apr 11 15:45:21 2026] Launched synth_1...
Run output will be captured here: C:/Users/sf10353/Downloads/lab11_secondzip/lab11/lab11.runs/synth_1/runme.log
[Sat Apr 11 15:45:21 2026] Launched impl_1...
Run output will be captured here: C:/Users/sf10353/Downloads/lab11_secondzip/lab11/lab11.runs/impl_1/runme.log
launch_runs impl_1 -to_step write_bitstream -jobs 20
[Sat Apr 11 15:46:57 2026] Launched impl_1...
Run output will be captured here: C:/Users/sf10353/Downloads/lab11_secondzip/lab11/lab11.runs/impl_1/runme.log
open_hw_manager
connect_hw_server -allow_non_jtag
INFO: [Labtools 27-2285] Connecting to hw_server url TCP:localhost:3121
INFO: [Labtools 27-2222] Launching hw_server...
INFO: [Labtools 27-2221] Launch Output:

****** Xilinx hw_server v2020.1
  **** Build date : May 27 2020 at 20:24:38
    ** Copyright 1986-2020 Xilinx, Inc. All Rights Reserved.


INFO: [Labtools 27-3415] Connecting to cs_server url TCP:localhost:3042
INFO: [Labtools 27-3417] Launching cs_server...
INFO: [Labtools 27-2221] Launch Output:


****** Xilinx cs_server v2020.1.0
  **** Build date : May 14 2020-06:10:29
    ** Copyright 2017-2020 Xilinx, Inc. All Rights Reserved.



connect_hw_server: Time (s): cpu = 00:00:01 ; elapsed = 00:00:07 . Memory (MB): peak = 3242.316 ; gain = 0.000
open_hw_target
INFO: [Labtoolstcl 44-466] Opening hw_target localhost:3121/xilinx_tcf/Digilent/210183BE109BA
set_property PROGRAM.FILE {C:/Users/sf10353/Downloads/lab11_secondzip/lab11/lab11.runs/impl_1/TopLevelProcessor.bit} [get_hw_devices xc7a35t_0]
current_hw_device [get_hw_devices xc7a35t_0]
refresh_hw_device -update_hw_probes false [lindex [get_hw_devices xc7a35t_0] 0]
INFO: [Labtools 27-1434] Device xc7a35t (JTAG device index = 0) is programmed with a design that has no supported debug core(s) in it.
set_property PROBES.FILE {} [get_hw_devices xc7a35t_0]
set_property FULL_PROBES.FILE {} [get_hw_devices xc7a35t_0]
set_property PROGRAM.FILE {C:/Users/sf10353/Downloads/lab11_secondzip/lab11/lab11.runs/impl_1/TopLevelProcessor.bit} [get_hw_devices xc7a35t_0]
program_hw_devices [get_hw_devices xc7a35t_0]
INFO: [Labtools 27-3164] End of startup status: HIGH
refresh_hw_device [lindex [get_hw_devices xc7a35t_0] 0]
INFO: [Labtools 27-1434] Device xc7a35t (JTAG device index = 0) is programmed with a design that has no supported debug core(s) in it.
ERROR: [Labtoolstcl 44-513] HW Target shutdown. Closing target: localhost:3121/xilinx_tcf/Digilent/210183BE109BA
INFO: [Labtoolstcl 44-466] Opening hw_target localhost:3121/xilinx_tcf/Digilent/210183BE109BA
INFO: [Labtools 27-1434] Device xc7a35t (JTAG device index = 0) is programmed with a design that has no supported debug core(s) in it.
WARNING: [Labtoolstcl 44-129] No matching hw_ila_data was found.
reset_run impl_1 -prev_step 
launch_runs impl_1 -to_step write_bitstream -jobs 20
WARNING: [Vivado 12-872] Run step 'Design Initialization' is out-of-date.
[Sat Apr 11 16:15:56 2026] Launched impl_1...
Run output will be captured here: C:/Users/sf10353/Downloads/lab11_secondzip/lab11/lab11.runs/impl_1/runme.log
refresh_hw_device [lindex [get_hw_devices xc7a35t_0] 0]
INFO: [Labtools 27-1434] Device xc7a35t (JTAG device index = 0) is programmed with a design that has no supported debug core(s) in it.
set_property PROBES.FILE {} [get_hw_devices xc7a35t_0]
set_property FULL_PROBES.FILE {} [get_hw_devices xc7a35t_0]
set_property PROGRAM.FILE {C:/Users/sf10353/Downloads/lab11_secondzip/lab11/lab11.runs/impl_1/TopLevelProcessor.bit} [get_hw_devices xc7a35t_0]
program_hw_devices [get_hw_devices xc7a35t_0]
INFO: [Labtools 27-3164] End of startup status: HIGH
refresh_hw_device [lindex [get_hw_devices xc7a35t_0] 0]
INFO: [Labtools 27-1434] Device xc7a35t (JTAG device index = 0) is programmed with a design that has no supported debug core(s) in it.
ERROR: [Labtoolstcl 44-513] HW Target shutdown. Closing target: localhost:3121/xilinx_tcf/Digilent/210183BE109BA
exit
INFO: [Common 17-206] Exiting Vivado at Sat Apr 11 16:19:28 2026...
