
*** Running vivado
    with args -log TopLevelProcessor.vds -m64 -product Vivado -mode batch -messageDb vivado.pb -notrace -source TopLevelProcessor.tcl



****** Vivado v2020.1 (64-bit)
  **** SW Build 2902540 on Wed May 27 19:54:49 MDT 2020
  **** IP Build 2902112 on Wed May 27 22:43:36 MDT 2020
    ** Copyright 1986-2020 Xilinx, Inc. All Rights Reserved.

source TopLevelProcessor.tcl -notrace
Command: synth_design -top TopLevelProcessor -part xc7a35tcpg236-1
Starting synth_design
Attempting to get a license for feature 'Synthesis' and/or device 'xc7a35t'
INFO: [Common 17-349] Got license for feature 'Synthesis' and/or device 'xc7a35t'
INFO: [Device 21-403] Loading part xc7a35tcpg236-1
INFO: [Synth 8-7079] Multithreading enabled for synth_design using a maximum of 2 processes.
INFO: [Synth 8-7078] Launching helper process for spawning children vivado processes
INFO: [Synth 8-7075] Helper process launched with PID 20240
CRITICAL WARNING: [Synth 8-2490] overwriting previous definition of module clock_divider [C:/Users/Areesha/lab11/lab11.srcs/sources_1/new/TopLevelProcessor.v:322]
---------------------------------------------------------------------------------
Starting RTL Elaboration : Time (s): cpu = 00:00:03 ; elapsed = 00:00:06 . Memory (MB): peak = 1027.344 ; gain = 0.000
---------------------------------------------------------------------------------
INFO: [Synth 8-6157] synthesizing module 'TopLevelProcessor' [C:/Users/Areesha/lab11/lab11.srcs/sources_1/new/TopLevelProcessor.v:49]
	Parameter DIV bound to: 100000000 - type: integer 
INFO: [Synth 8-6157] synthesizing module 'clock_divider' [C:/Users/Areesha/lab11/lab11.srcs/sources_1/new/TopLevelProcessor.v:322]
	Parameter DIV bound to: 100000000 - type: integer 
INFO: [Synth 8-6155] done synthesizing module 'clock_divider' (1#1) [C:/Users/Areesha/lab11/lab11.srcs/sources_1/new/TopLevelProcessor.v:322]
INFO: [Synth 8-6157] synthesizing module 'ProgramCounter' [C:/Users/Areesha/lab11/lab11.srcs/sources_1/new/Programcounter.v:3]
INFO: [Synth 8-6155] done synthesizing module 'ProgramCounter' (2#1) [C:/Users/Areesha/lab11/lab11.srcs/sources_1/new/Programcounter.v:3]
INFO: [Synth 8-6157] synthesizing module 'pcAdder' [C:/Users/Areesha/lab11/lab11.srcs/sources_1/new/Pcadder.v:3]
INFO: [Synth 8-6155] done synthesizing module 'pcAdder' (3#1) [C:/Users/Areesha/lab11/lab11.srcs/sources_1/new/Pcadder.v:3]
INFO: [Synth 8-6157] synthesizing module 'instructionMemory' [C:/Users/Areesha/lab11/lab11.srcs/sources_1/new/InstructionMemory.v:56]
INFO: [Synth 8-6155] done synthesizing module 'instructionMemory' (4#1) [C:/Users/Areesha/lab11/lab11.srcs/sources_1/new/InstructionMemory.v:56]
INFO: [Synth 8-6157] synthesizing module 'main_control' [C:/Users/Areesha/lab11/lab11.srcs/sources_1/new/maincontrol.v:2]
	Parameter R_TYPE bound to: 7'b0110011 
	Parameter I_ALU bound to: 7'b0010011 
	Parameter LOAD bound to: 7'b0000011 
	Parameter STORE bound to: 7'b0100011 
	Parameter BRANCH bound to: 7'b1100011 
	Parameter JAL bound to: 7'b1101111 
	Parameter JALR bound to: 7'b1100111 
	Parameter LUI bound to: 7'b0110111 
	Parameter AUIPC bound to: 7'b0010111 
INFO: [Synth 8-6155] done synthesizing module 'main_control' (5#1) [C:/Users/Areesha/lab11/lab11.srcs/sources_1/new/maincontrol.v:2]
INFO: [Synth 8-6157] synthesizing module 'RegisterFile' [C:/Users/Areesha/lab11/lab11.srcs/sources_1/new/RegisterFile.v:34]
INFO: [Synth 8-6155] done synthesizing module 'RegisterFile' (6#1) [C:/Users/Areesha/lab11/lab11.srcs/sources_1/new/RegisterFile.v:34]
INFO: [Synth 8-6157] synthesizing module 'immGen' [C:/Users/Areesha/lab11/lab11.srcs/sources_1/new/ImmGen.v:3]
INFO: [Synth 8-6155] done synthesizing module 'immGen' (7#1) [C:/Users/Areesha/lab11/lab11.srcs/sources_1/new/ImmGen.v:3]
INFO: [Synth 8-6157] synthesizing module 'mux2' [C:/Users/Areesha/lab11/lab11.srcs/sources_1/new/Mux2.v:3]
	Parameter WIDTH bound to: 32 - type: integer 
INFO: [Synth 8-6155] done synthesizing module 'mux2' (8#1) [C:/Users/Areesha/lab11/lab11.srcs/sources_1/new/Mux2.v:3]
INFO: [Synth 8-6157] synthesizing module 'alu_control' [C:/Users/Areesha/lab11/lab11.srcs/sources_1/new/alu_control.v:13]
	Parameter ALU_AND bound to: 4'b0000 
	Parameter ALU_OR bound to: 4'b0001 
	Parameter ALU_ADD bound to: 4'b0010 
	Parameter ALU_XOR bound to: 4'b0011 
	Parameter ALU_SLL bound to: 4'b0100 
	Parameter ALU_SRL bound to: 4'b0101 
	Parameter ALU_SUB bound to: 4'b0110 
	Parameter ALU_SLT bound to: 4'b0111 
	Parameter ALU_SRA bound to: 4'b1000 
	Parameter ALU_SLTU bound to: 4'b1001 
	Parameter ALU_NOP bound to: 4'b1111 
INFO: [Synth 8-226] default block is never used [C:/Users/Areesha/lab11/lab11.srcs/sources_1/new/alu_control.v:33]
INFO: [Synth 8-6155] done synthesizing module 'alu_control' (9#1) [C:/Users/Areesha/lab11/lab11.srcs/sources_1/new/alu_control.v:13]
INFO: [Synth 8-6157] synthesizing module 'alu' [C:/Users/Areesha/lab11/lab11.srcs/sources_1/new/ALU.v:16]
INFO: [Synth 8-6155] done synthesizing module 'alu' (10#1) [C:/Users/Areesha/lab11/lab11.srcs/sources_1/new/ALU.v:16]
INFO: [Synth 8-6157] synthesizing module 'DataMemory' [C:/Users/Areesha/lab11/lab11.srcs/sources_1/new/DataMemory.v:1]
INFO: [Synth 8-6155] done synthesizing module 'DataMemory' (11#1) [C:/Users/Areesha/lab11/lab11.srcs/sources_1/new/DataMemory.v:1]
INFO: [Synth 8-6157] synthesizing module 'branchAdder' [C:/Users/Areesha/lab11/lab11.srcs/sources_1/new/Branchadder.v:4]
INFO: [Synth 8-6155] done synthesizing module 'branchAdder' (12#1) [C:/Users/Areesha/lab11/lab11.srcs/sources_1/new/Branchadder.v:4]
INFO: [Synth 8-6157] synthesizing module 'SevenSegController' [C:/Users/Areesha/lab11/lab11.srcs/sources_1/new/sevenseg.v:3]
INFO: [Synth 8-6155] done synthesizing module 'SevenSegController' (13#1) [C:/Users/Areesha/lab11/lab11.srcs/sources_1/new/sevenseg.v:3]
INFO: [Synth 8-6155] done synthesizing module 'TopLevelProcessor' (14#1) [C:/Users/Areesha/lab11/lab11.srcs/sources_1/new/TopLevelProcessor.v:49]
---------------------------------------------------------------------------------
Finished RTL Elaboration : Time (s): cpu = 00:00:04 ; elapsed = 00:00:07 . Memory (MB): peak = 1027.344 ; gain = 0.000
---------------------------------------------------------------------------------
---------------------------------------------------------------------------------
Start Handling Custom Attributes
---------------------------------------------------------------------------------
---------------------------------------------------------------------------------
Finished Handling Custom Attributes : Time (s): cpu = 00:00:04 ; elapsed = 00:00:08 . Memory (MB): peak = 1027.344 ; gain = 0.000
---------------------------------------------------------------------------------
---------------------------------------------------------------------------------
Finished RTL Optimization Phase 1 : Time (s): cpu = 00:00:04 ; elapsed = 00:00:08 . Memory (MB): peak = 1027.344 ; gain = 0.000
---------------------------------------------------------------------------------
Netlist sorting complete. Time (s): cpu = 00:00:00 ; elapsed = 00:00:00.036 . Memory (MB): peak = 1027.344 ; gain = 0.000
INFO: [Project 1-570] Preparing netlist for logic optimization

Processing XDC Constraints
Initializing timing engine
Parsing XDC File [C:/Users/Areesha/lab11/lab11.srcs/constrs_1/new/constraint.xdc]
Finished Parsing XDC File [C:/Users/Areesha/lab11/lab11.srcs/constrs_1/new/constraint.xdc]
INFO: [Project 1-236] Implementation specific constraints were found while reading constraint file [C:/Users/Areesha/lab11/lab11.srcs/constrs_1/new/constraint.xdc]. These constraints will be ignored for synthesis but will be used in implementation. Impacted constraints are listed in the file [.Xil/TopLevelProcessor_propImpl.xdc].
Resolution: To avoid this warning, move constraints listed in [.Xil/TopLevelProcessor_propImpl.xdc] to another XDC file and exclude this new file from synthesis with the used_in_synthesis property (File Properties dialog in GUI) and re-run elaboration/synthesis.
Completed Processing XDC Constraints

Netlist sorting complete. Time (s): cpu = 00:00:00 ; elapsed = 00:00:00.001 . Memory (MB): peak = 1044.270 ; gain = 0.000
INFO: [Project 1-111] Unisim Transformation Summary:
No Unisim elements were transformed.

Constraint Validation Runtime : Time (s): cpu = 00:00:00 ; elapsed = 00:00:00.012 . Memory (MB): peak = 1044.270 ; gain = 0.000
---------------------------------------------------------------------------------
Finished Constraint Validation : Time (s): cpu = 00:00:08 ; elapsed = 00:00:16 . Memory (MB): peak = 1044.270 ; gain = 16.926
---------------------------------------------------------------------------------
---------------------------------------------------------------------------------
Start Loading Part and Timing Information
---------------------------------------------------------------------------------
Loading part: xc7a35tcpg236-1
---------------------------------------------------------------------------------
Finished Loading Part and Timing Information : Time (s): cpu = 00:00:08 ; elapsed = 00:00:16 . Memory (MB): peak = 1044.270 ; gain = 16.926
---------------------------------------------------------------------------------
---------------------------------------------------------------------------------
Start Applying 'set_property' XDC Constraints
---------------------------------------------------------------------------------
---------------------------------------------------------------------------------
Finished applying 'set_property' XDC Constraints : Time (s): cpu = 00:00:08 ; elapsed = 00:00:16 . Memory (MB): peak = 1044.270 ; gain = 16.926
---------------------------------------------------------------------------------
---------------------------------------------------------------------------------
Finished RTL Optimization Phase 2 : Time (s): cpu = 00:00:09 ; elapsed = 00:00:17 . Memory (MB): peak = 1044.270 ; gain = 16.926
---------------------------------------------------------------------------------
---------------------------------------------------------------------------------
Start RTL Component Statistics 
---------------------------------------------------------------------------------
Detailed RTL Component Info : 
+---Adders : 
	   2 Input   32 Bit       Adders := 3     
	   3 Input   32 Bit       Adders := 1     
	   2 Input   27 Bit       Adders := 1     
	   2 Input   17 Bit       Adders := 1     
+---XORs : 
	   2 Input     32 Bit         XORs := 1     
+---Registers : 
	               32 Bit    Registers := 33    
	               27 Bit    Registers := 1     
	               17 Bit    Registers := 1     
	                1 Bit    Registers := 2     
+---RAMs : 
	               8K Bit	(256 X 32 bit)          RAMs := 1     
+---Muxes : 
	  33 Input   32 Bit        Muxes := 2     
	   6 Input   32 Bit        Muxes := 2     
	   2 Input   32 Bit        Muxes := 10    
	   7 Input   32 Bit        Muxes := 1     
	   3 Input   32 Bit        Muxes := 1     
	   2 Input   27 Bit        Muxes := 1     
	   2 Input   17 Bit        Muxes := 1     
	   2 Input    4 Bit        Muxes := 4     
	   8 Input    4 Bit        Muxes := 2     
	   7 Input    4 Bit        Muxes := 1     
	   6 Input    3 Bit        Muxes := 1     
	  10 Input    2 Bit        Muxes := 1     
	  10 Input    1 Bit        Muxes := 5     
	   2 Input    1 Bit        Muxes := 32    
	   4 Input    1 Bit        Muxes := 1     
---------------------------------------------------------------------------------
Finished RTL Component Statistics 
---------------------------------------------------------------------------------
---------------------------------------------------------------------------------
Start Part Resource Summary
---------------------------------------------------------------------------------
Part Resources:
DSPs: 90 (col length:60)
BRAMs: 100 (col length: RAMB18 60 RAMB36 30)
---------------------------------------------------------------------------------
Finished Part Resource Summary
---------------------------------------------------------------------------------
---------------------------------------------------------------------------------
Start Cross Boundary and Area Optimization
---------------------------------------------------------------------------------
INFO: [Synth 8-6851] RAM (uDMem/mem_reg) has partial Byte Wide Write Enable pattern, however no output register found in fanout of RAM. Recommended to use supported Byte Wide Write Enable template. 
---------------------------------------------------------------------------------
Finished Cross Boundary and Area Optimization : Time (s): cpu = 00:00:40 ; elapsed = 00:01:12 . Memory (MB): peak = 1085.219 ; gain = 57.875
---------------------------------------------------------------------------------
---------------------------------------------------------------------------------
Start ROM, RAM, DSP and Shift Register Reporting
---------------------------------------------------------------------------------

ROM: Preliminary Mapping	Report
+------------------+------------+---------------+----------------+
|Module Name       | RTL Object | Depth x Width | Implemented As | 
+------------------+------------+---------------+----------------+
|instructionMemory | p_0_out    | 32x22         | LUT            | 
|TopLevelProcessor | p_0_out    | 32x22         | Block RAM      | 
+------------------+------------+---------------+----------------+


Distributed RAM: Preliminary Mapping	Report (see note below)
+------------------+---------------+-----------+----------------------+-----------------+
|Module Name       | RTL Object    | Inference | Size (Depth x Width) | Primitives      | 
+------------------+---------------+-----------+----------------------+-----------------+
|TopLevelProcessor | uDMem/mem_reg | Implied   | 256 x 32             | RAM256X1S x 32	 | 
+------------------+---------------+-----------+----------------------+-----------------+

Note: The table above is a preliminary report that shows the Distributed RAMs at the current stage of the synthesis flow. Some Distributed RAMs may be reimplemented as non Distributed RAM primitives later in the synthesis flow. Multiple instantiated RAMs are reported only once.
---------------------------------------------------------------------------------
Finished ROM, RAM, DSP and Shift Register Reporting
---------------------------------------------------------------------------------
---------------------------------------------------------------------------------
Start Applying XDC Timing Constraints
---------------------------------------------------------------------------------
---------------------------------------------------------------------------------
Finished Applying XDC Timing Constraints : Time (s): cpu = 00:00:45 ; elapsed = 00:01:21 . Memory (MB): peak = 1085.219 ; gain = 57.875
---------------------------------------------------------------------------------
---------------------------------------------------------------------------------
Start Timing Optimization
---------------------------------------------------------------------------------
---------------------------------------------------------------------------------
Finished Timing Optimization : Time (s): cpu = 00:00:49 ; elapsed = 00:01:27 . Memory (MB): peak = 1085.219 ; gain = 57.875
---------------------------------------------------------------------------------
---------------------------------------------------------------------------------
Start ROM, RAM, DSP and Shift Register Reporting
---------------------------------------------------------------------------------

Distributed RAM: Final Mapping	Report
+------------------+---------------+-----------+----------------------+-----------------+
|Module Name       | RTL Object    | Inference | Size (Depth x Width) | Primitives      | 
+------------------+---------------+-----------+----------------------+-----------------+
|TopLevelProcessor | uDMem/mem_reg | Implied   | 256 x 32             | RAM256X1S x 32	 | 
+------------------+---------------+-----------+----------------------+-----------------+

---------------------------------------------------------------------------------
Finished ROM, RAM, DSP and Shift Register Reporting
---------------------------------------------------------------------------------
---------------------------------------------------------------------------------
Start Technology Mapping
---------------------------------------------------------------------------------
INFO: [Synth 8-7052] The timing for the instance i_38 (implemented as a Block RAM) might be sub-optimal as no optional output register could be merged into the ram block. Providing additional output register may help in improving timing.
INFO: [Synth 8-7052] The timing for the instance i_38 (implemented as a Block RAM) might be sub-optimal as no optional output register could be merged into the ram block. Providing additional output register may help in improving timing.
---------------------------------------------------------------------------------
Finished Technology Mapping : Time (s): cpu = 00:00:51 ; elapsed = 00:01:30 . Memory (MB): peak = 1097.500 ; gain = 70.156
---------------------------------------------------------------------------------
---------------------------------------------------------------------------------
Start IO Insertion
---------------------------------------------------------------------------------
---------------------------------------------------------------------------------
Start Flattening Before IO Insertion
---------------------------------------------------------------------------------
---------------------------------------------------------------------------------
Finished Flattening Before IO Insertion
---------------------------------------------------------------------------------
---------------------------------------------------------------------------------
Start Final Netlist Cleanup
---------------------------------------------------------------------------------
---------------------------------------------------------------------------------
Finished Final Netlist Cleanup
---------------------------------------------------------------------------------
---------------------------------------------------------------------------------
Finished IO Insertion : Time (s): cpu = 00:00:54 ; elapsed = 00:01:35 . Memory (MB): peak = 1103.062 ; gain = 75.719
---------------------------------------------------------------------------------
---------------------------------------------------------------------------------
Start Renaming Generated Instances
---------------------------------------------------------------------------------
---------------------------------------------------------------------------------
Finished Renaming Generated Instances : Time (s): cpu = 00:00:54 ; elapsed = 00:01:35 . Memory (MB): peak = 1103.062 ; gain = 75.719
---------------------------------------------------------------------------------
---------------------------------------------------------------------------------
Start Rebuilding User Hierarchy
---------------------------------------------------------------------------------
---------------------------------------------------------------------------------
Finished Rebuilding User Hierarchy : Time (s): cpu = 00:00:54 ; elapsed = 00:01:35 . Memory (MB): peak = 1103.062 ; gain = 75.719
---------------------------------------------------------------------------------
---------------------------------------------------------------------------------
Start Renaming Generated Ports
---------------------------------------------------------------------------------
---------------------------------------------------------------------------------
Finished Renaming Generated Ports : Time (s): cpu = 00:00:54 ; elapsed = 00:01:35 . Memory (MB): peak = 1103.062 ; gain = 75.719
---------------------------------------------------------------------------------
---------------------------------------------------------------------------------
Start Handling Custom Attributes
---------------------------------------------------------------------------------
---------------------------------------------------------------------------------
Finished Handling Custom Attributes : Time (s): cpu = 00:00:54 ; elapsed = 00:01:35 . Memory (MB): peak = 1103.105 ; gain = 75.762
---------------------------------------------------------------------------------
---------------------------------------------------------------------------------
Start Renaming Generated Nets
---------------------------------------------------------------------------------
---------------------------------------------------------------------------------
Finished Renaming Generated Nets : Time (s): cpu = 00:00:54 ; elapsed = 00:01:35 . Memory (MB): peak = 1103.105 ; gain = 75.762
---------------------------------------------------------------------------------
---------------------------------------------------------------------------------
Start Writing Synthesis Report
---------------------------------------------------------------------------------

Report BlackBoxes: 
+-+--------------+----------+
| |BlackBox name |Instances |
+-+--------------+----------+
+-+--------------+----------+

Report Cell Usage: 
+------+----------+------+
|      |Cell      |Count |
+------+----------+------+
|1     |BUFG      |     2|
|2     |CARRY4    |    51|
|3     |LUT1      |    78|
|4     |LUT2      |   144|
|5     |LUT3      |    85|
|6     |LUT4      |   194|
|7     |LUT5      |   237|
|8     |LUT6      |   708|
|9     |MUXF7     |   132|
|10    |MUXF8     |     7|
|11    |RAM256X1S |    32|
|12    |RAMB18E1  |     1|
|13    |FDCE      |    46|
|14    |FDRE      |  1024|
|15    |IBUF      |     2|
|16    |OBUF      |    27|
+------+----------+------+
---------------------------------------------------------------------------------
Finished Writing Synthesis Report : Time (s): cpu = 00:00:54 ; elapsed = 00:01:35 . Memory (MB): peak = 1103.105 ; gain = 75.762
---------------------------------------------------------------------------------
Synthesis finished with 0 errors, 0 critical warnings and 0 warnings.
Synthesis Optimization Runtime : Time (s): cpu = 00:00:49 ; elapsed = 00:01:32 . Memory (MB): peak = 1103.105 ; gain = 58.836
Synthesis Optimization Complete : Time (s): cpu = 00:00:54 ; elapsed = 00:01:35 . Memory (MB): peak = 1103.105 ; gain = 75.762
INFO: [Project 1-571] Translating synthesized netlist
Netlist sorting complete. Time (s): cpu = 00:00:00 ; elapsed = 00:00:00.035 . Memory (MB): peak = 1115.199 ; gain = 0.000
INFO: [Netlist 29-17] Analyzing 223 Unisim elements for replacement
INFO: [Netlist 29-28] Unisim Transformation completed in 0 CPU seconds
WARNING: [Netlist 29-101] Netlist 'TopLevelProcessor' is not ideal for floorplanning, since the cellview 'RegisterFile' contains a large number of primitives.  Please consider enabling hierarchy in synthesis if you want to do floorplanning.
INFO: [Project 1-570] Preparing netlist for logic optimization
INFO: [Opt 31-138] Pushed 0 inverter(s) to 0 load pin(s).
Netlist sorting complete. Time (s): cpu = 00:00:00 ; elapsed = 00:00:00.001 . Memory (MB): peak = 1115.199 ; gain = 0.000
INFO: [Project 1-111] Unisim Transformation Summary:
  A total of 32 instances were transformed.
  RAM256X1S => RAM256X1S (MUXF7(x2), MUXF8, RAMS64E(x4)): 32 instances

INFO: [Common 17-83] Releasing license: Synthesis
47 Infos, 1 Warnings, 1 Critical Warnings and 0 Errors encountered.
synth_design completed successfully
synth_design: Time (s): cpu = 00:00:58 ; elapsed = 00:01:46 . Memory (MB): peak = 1115.199 ; gain = 87.855
INFO: [Common 17-1381] The checkpoint 'C:/Users/Areesha/lab11/lab11.runs/synth_1/TopLevelProcessor.dcp' has been generated.
INFO: [runtcl-4] Executing : report_utilization -file TopLevelProcessor_utilization_synth.rpt -pb TopLevelProcessor_utilization_synth.pb
INFO: [Common 17-206] Exiting Vivado at Sat Apr 11 12:00:19 2026...
