Copyright 1986-2020 Xilinx, Inc. All Rights Reserved.
----------------------------------------------------------------------------------------------
| Tool Version : Vivado v.2020.1 (win64) Build 2902540 Wed May 27 19:54:49 MDT 2020
| Date         : Tue Mar 31 12:12:32 2026
| Host         : HU-DOPX-ML31 running 64-bit major release  (build 9200)
| Command      : report_control_sets -verbose -file TopLevelProcessor_control_sets_placed.rpt
| Design       : TopLevelProcessor
| Device       : xc7a25t
----------------------------------------------------------------------------------------------

Control Set Information

Table of Contents
-----------------
1. Summary
2. Histogram
3. Flip-Flop Distribution
4. Detailed Control Set Information

1. Summary
----------

+----------------------------------------------------------+-------+
|                          Status                          | Count |
+----------------------------------------------------------+-------+
| Total control sets                                       |    37 |
|    Minimum number of control sets                        |    37 |
|    Addition due to synthesis replication                 |     0 |
|    Addition due to physical synthesis replication        |     0 |
| Unused register locations in slices containing registers |     0 |
+----------------------------------------------------------+-------+
* Control sets can be merged at opt_design using control_set_merge or merge_equivalent_drivers
** Run report_qor_suggestions for automated merging and remapping suggestions


2. Histogram
------------

+--------------------+-------+
|       Fanout       | Count |
+--------------------+-------+
| Total control sets |    37 |
| >= 0 to < 4        |     0 |
| >= 4 to < 6        |     0 |
| >= 6 to < 8        |     0 |
| >= 8 to < 10       |     1 |
| >= 10 to < 12      |     0 |
| >= 12 to < 14      |     0 |
| >= 14 to < 16      |     0 |
| >= 16              |    36 |
+--------------------+-------+
* Control sets can be remapped at either synth_design or opt_design


3. Flip-Flop Distribution
-------------------------

+--------------+-----------------------+------------------------+-----------------+--------------+
| Clock Enable | Synchronous Set/Reset | Asynchronous Set/Reset | Total Registers | Total Slices |
+--------------+-----------------------+------------------------+-----------------+--------------+
| No           | No                    | No                     |               0 |            0 |
| No           | No                    | Yes                    |               0 |            0 |
| No           | Yes                   | No                     |              64 |           36 |
| Yes          | No                    | No                     |               0 |            0 |
| Yes          | No                    | Yes                    |               0 |            0 |
| Yes          | Yes                   | No                     |            1000 |          544 |
+--------------+-----------------------+------------------------+-----------------+--------------+


4. Detailed Control Set Information
-----------------------------------

+----------------+-----------------------------+------------------+------------------+----------------+--------------+
|  Clock Signal  |        Enable Signal        | Set/Reset Signal | Slice Load Count | Bel Load Count | Bels / Slice |
+----------------+-----------------------------+------------------+------------------+----------------+--------------+
|  clk_IBUF_BUFG | uIMem/E[0]                  | reset_IBUF       |                4 |              8 |         2.00 |
|  clk_IBUF_BUFG |                             | reset_IBUF       |                9 |             32 |         3.56 |
|  clk_IBUF_BUFG | uIMem/instruction_reg_48[0] | reset_IBUF       |               14 |             32 |         2.29 |
|  clk_IBUF_BUFG | uIMem/instruction_reg_55[0] | reset_IBUF       |               14 |             32 |         2.29 |
|  clk_IBUF_BUFG | uIMem/instruction_reg_59[0] | reset_IBUF       |               14 |             32 |         2.29 |
|  clk_IBUF_BUFG | uIMem/instruction_reg_58[0] | reset_IBUF       |               22 |             32 |         1.45 |
|  clk_IBUF_BUFG | uIMem/instruction_reg_60[0] | reset_IBUF       |               17 |             32 |         1.88 |
|  clk_IBUF_BUFG | uIMem/instruction_reg_61[0] | reset_IBUF       |               13 |             32 |         2.46 |
|  clk_IBUF_BUFG | uIMem/instruction_reg_62[0] | reset_IBUF       |               14 |             32 |         2.29 |
|  clk_IBUF_BUFG | uIMem/instruction_reg_63[0] | reset_IBUF       |               19 |             32 |         1.68 |
|  clk_IBUF_BUFG | uIMem/instruction_reg_54[0] | reset_IBUF       |               22 |             32 |         1.45 |
|  clk_IBUF_BUFG | uIMem/instruction_reg_64[0] | reset_IBUF       |               25 |             32 |         1.28 |
|  clk_IBUF_BUFG | uIMem/instruction_reg_65[0] | reset_IBUF       |               21 |             32 |         1.52 |
|  clk_IBUF_BUFG | uIMem/instruction_reg_66[0] | reset_IBUF       |               24 |             32 |         1.33 |
|  clk_IBUF_BUFG | uIMem/instruction_reg_42[0] | reset_IBUF       |               25 |             32 |         1.28 |
|  clk_IBUF_BUFG | uIMem/instruction_reg_43[0] | reset_IBUF       |               21 |             32 |         1.52 |
|  clk_IBUF_BUFG | uIMem/instruction_reg_45[0] | reset_IBUF       |               17 |             32 |         1.88 |
|  clk_IBUF_BUFG | uIMem/instruction_reg_49[0] | reset_IBUF       |               15 |             32 |         2.13 |
|  clk_IBUF_BUFG | uIMem/instruction_reg_50[0] | reset_IBUF       |               18 |             32 |         1.78 |
|  clk_IBUF_BUFG | uIMem/instruction_reg_51[0] | reset_IBUF       |               13 |             32 |         2.46 |
|  clk_IBUF_BUFG | uIMem/instruction_reg_52[0] | reset_IBUF       |               15 |             32 |         2.13 |
|  clk_IBUF_BUFG | uIMem/instruction_reg_46[0] | reset_IBUF       |               18 |             32 |         1.78 |
|  clk_IBUF_BUFG | uIMem/instruction_reg_47[0] | reset_IBUF       |               19 |             32 |         1.68 |
|  clk_IBUF_BUFG | uIMem/instruction_reg_53[0] | reset_IBUF       |               16 |             32 |         2.00 |
|  clk_IBUF_BUFG | uIMem/instruction_reg_56[0] | reset_IBUF       |               13 |             32 |         2.46 |
|  clk_IBUF_BUFG | uIMem/instruction_reg_57[0] | reset_IBUF       |               18 |             32 |         1.78 |
|  clk_IBUF_BUFG | uIMem/instruction_reg_44[0] | reset_IBUF       |               17 |             32 |         1.88 |
|  clk_IBUF_BUFG | uIMem/instruction_reg_67[0] | reset_IBUF       |               21 |             32 |         1.52 |
|  clk_IBUF_BUFG | uIMem/instruction_reg_68[0] | reset_IBUF       |               22 |             32 |         1.45 |
|  clk_IBUF_BUFG | uIMem/instruction_reg_69[0] | reset_IBUF       |               13 |             32 |         2.46 |
|  clk_IBUF_BUFG | uIMem/instruction_reg_72[0] | reset_IBUF       |               13 |             32 |         2.46 |
|  clk_IBUF_BUFG | uIMem/instruction_reg_70[0] | reset_IBUF       |               17 |             32 |         1.88 |
|  clk_IBUF_BUFG | uIMem/instruction_reg_71[0] | reset_IBUF       |               10 |             32 |         3.20 |
|  clk_IBUF_BUFG |                             | uIMem/SR[0]      |               27 |             32 |         1.19 |
|  clk_IBUF_BUFG | uIMem/MemWrite              |                  |                8 |             32 |         4.00 |
|  clk_IBUF_BUFG | uIMem/p_0_in2_out           |                  |                8 |             32 |         4.00 |
|  clk_IBUF_BUFG | uIMem/p_0_in0_out           |                  |               16 |             64 |         4.00 |
+----------------+-----------------------------+------------------+------------------+----------------+--------------+


